<?xml version="1.0" encoding="UTF-8"?>
<testng-results ignored="0" total="1" passed="1" failed="0" skipped="0">
  <reporter-output>
  </reporter-output>
  <suite started-at="2024-06-14T05:21:21 PDT" name="Default suite" finished-at="2024-06-14T05:22:27 PDT" duration-ms="66175">
    <groups>
    </groups>
    <test started-at="2024-06-14T05:21:21 PDT" name="Default test" finished-at="2024-06-14T05:22:27 PDT" duration-ms="66175">
      <class name="testpacakge.Testloginpage">
        <test-method is-config="true" signature="setup()[pri:0, instance:testpacakge.Testloginpage@342c38f8]" started-at="2024-06-14T05:21:21 PDT" name="setup" finished-at="2024-06-14T05:21:57 PDT" duration-ms="35736" status="PASS">
          <reporter-output>
          </reporter-output>
        </test-method> <!-- setup -->
        <test-method signature="verifysignin()[pri:1, instance:testpacakge.Testloginpage@342c38f8]" started-at="2024-06-14T05:21:57 PDT" name="verifysignin" finished-at="2024-06-14T05:22:27 PDT" duration-ms="30304" status="PASS">
          <reporter-output>
          </reporter-output>
        </test-method> <!-- verifysignin -->
      </class> <!-- testpacakge.Testloginpage -->
    </test> <!-- Default test -->
  </suite> <!-- Default suite -->
</testng-results>
